/*C3*/SET SCHEMA PUBLIC
CREATE TABLE IF NOT EXISTS game (game_id INTEGER IDENTITY PRIMARY KEY, player_x VARCHAR(50), player_o VARCHAR(50), winner VARCHAR(1), date_time TIMESTAMP)
INSERT INTO GAME VALUES(1,'oleszkiewicz','aleksander','X','2025-01-29 14:23:38.000000')
COMMIT
DELETE FROM GAME WHERE GAME_ID=0
COMMIT
DELETE FROM GAME WHERE GAME_ID=1
COMMIT
/*C9*/SET SCHEMA PUBLIC
DISCONNECT
/*C8*/SET SCHEMA PUBLIC
DISCONNECT
/*C10*/SET SCHEMA PUBLIC
DISCONNECT
/*C5*/SET SCHEMA PUBLIC
DISCONNECT
/*C7*/SET SCHEMA PUBLIC
DISCONNECT
/*C12*/SET SCHEMA PUBLIC
DISCONNECT
/*C6*/SET SCHEMA PUBLIC
DISCONNECT
/*C3*/DISCONNECT
/*C11*/SET SCHEMA PUBLIC
DISCONNECT
/*C4*/SET SCHEMA PUBLIC
DISCONNECT
